<?xml version="1.0" encoding="UTF-8"?>
<testsuite name="com.denofprogramming.random.RandomGeneratorTest" tests="2" skipped="0" failures="0" errors="0" timestamp="2020-02-08T20:57:06" hostname="LAPTOP-J0CFBLMC" time="0.084">
  <properties/>
  <testcase name="testName" classname="com.denofprogramming.random.RandomGeneratorTest" time="0.008"/>
  <testcase name="testRandomGenerator" classname="com.denofprogramming.random.RandomGeneratorTest" time="0.075"/>
  <system-out><![CDATA[]]></system-out>
  <system-err><![CDATA[]]></system-err>
</testsuite>
